Determining if the pthread_create exist failed with the following output:
Change Dir: /home/lucas/Bureau/wallet/build/CMakeFiles/CMakeTmp

Run Build Command:"/usr/bin/make" "cmTC_a0d04/fast"
/usr/bin/make -f CMakeFiles/cmTC_a0d04.dir/build.make CMakeFiles/cmTC_a0d04.dir/build
make[1] : on entre dans le répertoire « /home/lucas/Bureau/wallet/build/CMakeFiles/CMakeTmp »
Building C object CMakeFiles/cmTC_a0d04.dir/CheckSymbolExists.c.o
/usr/bin/cc     -o CMakeFiles/cmTC_a0d04.dir/CheckSymbolExists.c.o   -c /home/lucas/Bureau/wallet/build/CMakeFiles/CMakeTmp/CheckSymbolExists.c
Linking C executable cmTC_a0d04
/usr/bin/cmake -E cmake_link_script CMakeFiles/cmTC_a0d04.dir/link.txt --verbose=1
/usr/bin/cc       CMakeFiles/cmTC_a0d04.dir/CheckSymbolExists.c.o  -o cmTC_a0d04 -rdynamic 
CMakeFiles/cmTC_a0d04.dir/CheckSymbolExists.c.o : Dans la fonction « main » :
CheckSymbolExists.c:(.text+0x16) : référence indéfinie vers « pthread_create »
collect2: error: ld returned 1 exit status
CMakeFiles/cmTC_a0d04.dir/build.make:97 : la recette pour la cible « cmTC_a0d04 » a échouée
make[1]: *** [cmTC_a0d04] Erreur 1
make[1] : on quitte le répertoire « /home/lucas/Bureau/wallet/build/CMakeFiles/CMakeTmp »
Makefile:126 : la recette pour la cible « cmTC_a0d04/fast » a échouée
make: *** [cmTC_a0d04/fast] Erreur 2

File /home/lucas/Bureau/wallet/build/CMakeFiles/CMakeTmp/CheckSymbolExists.c:
/* */
#include <pthread.h>

int main(int argc, char** argv)
{
  (void)argv;
#ifndef pthread_create
  return ((int*)(&pthread_create))[argc];
#else
  (void)argc;
  return 0;
#endif
}

Determining if the function pthread_create exists in the pthreads failed with the following output:
Change Dir: /home/lucas/Bureau/wallet/build/CMakeFiles/CMakeTmp

Run Build Command:"/usr/bin/make" "cmTC_53380/fast"
/usr/bin/make -f CMakeFiles/cmTC_53380.dir/build.make CMakeFiles/cmTC_53380.dir/build
make[1] : on entre dans le répertoire « /home/lucas/Bureau/wallet/build/CMakeFiles/CMakeTmp »
Building C object CMakeFiles/cmTC_53380.dir/CheckFunctionExists.c.o
/usr/bin/cc    -DCHECK_FUNCTION_EXISTS=pthread_create   -o CMakeFiles/cmTC_53380.dir/CheckFunctionExists.c.o   -c /usr/share/cmake-3.5/Modules/CheckFunctionExists.c
Linking C executable cmTC_53380
/usr/bin/cmake -E cmake_link_script CMakeFiles/cmTC_53380.dir/link.txt --verbose=1
/usr/bin/cc   -DCHECK_FUNCTION_EXISTS=pthread_create    CMakeFiles/cmTC_53380.dir/CheckFunctionExists.c.o  -o cmTC_53380 -rdynamic -lpthreads 
/usr/bin/ld : ne peut trouver -lpthreads
collect2: error: ld returned 1 exit status
CMakeFiles/cmTC_53380.dir/build.make:97 : la recette pour la cible « cmTC_53380 » a échouée
make[1]: *** [cmTC_53380] Erreur 1
make[1] : on quitte le répertoire « /home/lucas/Bureau/wallet/build/CMakeFiles/CMakeTmp »
Makefile:126 : la recette pour la cible « cmTC_53380/fast » a échouée
make: *** [cmTC_53380/fast] Erreur 2


Determining if the pthread_create exist failed with the following output:
Change Dir: /home/lucas/Bureau/coin/GUIwallet/build/CMakeFiles/CMakeTmp

Run Build Command:"/usr/bin/make" "cmTC_c71ec/fast"
/usr/bin/make -f CMakeFiles/cmTC_c71ec.dir/build.make CMakeFiles/cmTC_c71ec.dir/build
make[1] : on entre dans le répertoire « /home/lucas/Bureau/coin/GUIwallet/build/CMakeFiles/CMakeTmp »
Building C object CMakeFiles/cmTC_c71ec.dir/CheckSymbolExists.c.o
/usr/bin/cc     -o CMakeFiles/cmTC_c71ec.dir/CheckSymbolExists.c.o   -c /home/lucas/Bureau/coin/GUIwallet/build/CMakeFiles/CMakeTmp/CheckSymbolExists.c
Linking C executable cmTC_c71ec
/usr/bin/cmake -E cmake_link_script CMakeFiles/cmTC_c71ec.dir/link.txt --verbose=1
/usr/bin/cc       CMakeFiles/cmTC_c71ec.dir/CheckSymbolExists.c.o  -o cmTC_c71ec -rdynamic 
CMakeFiles/cmTC_c71ec.dir/CheckSymbolExists.c.o : Dans la fonction « main » :
CheckSymbolExists.c:(.text+0x16) : référence indéfinie vers « pthread_create »
collect2: error: ld returned 1 exit status
CMakeFiles/cmTC_c71ec.dir/build.make:97 : la recette pour la cible « cmTC_c71ec » a échouée
make[1]: *** [cmTC_c71ec] Erreur 1
make[1] : on quitte le répertoire « /home/lucas/Bureau/coin/GUIwallet/build/CMakeFiles/CMakeTmp »
Makefile:126 : la recette pour la cible « cmTC_c71ec/fast » a échouée
make: *** [cmTC_c71ec/fast] Erreur 2

File /home/lucas/Bureau/coin/GUIwallet/build/CMakeFiles/CMakeTmp/CheckSymbolExists.c:
/* */
#include <pthread.h>

int main(int argc, char** argv)
{
  (void)argv;
#ifndef pthread_create
  return ((int*)(&pthread_create))[argc];
#else
  (void)argc;
  return 0;
#endif
}

Determining if the function pthread_create exists in the pthreads failed with the following output:
Change Dir: /home/lucas/Bureau/coin/GUIwallet/build/CMakeFiles/CMakeTmp

Run Build Command:"/usr/bin/make" "cmTC_06057/fast"
/usr/bin/make -f CMakeFiles/cmTC_06057.dir/build.make CMakeFiles/cmTC_06057.dir/build
make[1] : on entre dans le répertoire « /home/lucas/Bureau/coin/GUIwallet/build/CMakeFiles/CMakeTmp »
Building C object CMakeFiles/cmTC_06057.dir/CheckFunctionExists.c.o
/usr/bin/cc    -DCHECK_FUNCTION_EXISTS=pthread_create   -o CMakeFiles/cmTC_06057.dir/CheckFunctionExists.c.o   -c /usr/share/cmake-3.5/Modules/CheckFunctionExists.c
Linking C executable cmTC_06057
/usr/bin/cmake -E cmake_link_script CMakeFiles/cmTC_06057.dir/link.txt --verbose=1
/usr/bin/cc   -DCHECK_FUNCTION_EXISTS=pthread_create    CMakeFiles/cmTC_06057.dir/CheckFunctionExists.c.o  -o cmTC_06057 -rdynamic -lpthreads 
/usr/bin/ld : ne peut trouver -lpthreads
collect2: error: ld returned 1 exit status
CMakeFiles/cmTC_06057.dir/build.make:97 : la recette pour la cible « cmTC_06057 » a échouée
make[1]: *** [cmTC_06057] Erreur 1
make[1] : on quitte le répertoire « /home/lucas/Bureau/coin/GUIwallet/build/CMakeFiles/CMakeTmp »
Makefile:126 : la recette pour la cible « cmTC_06057/fast » a échouée
make: *** [cmTC_06057/fast] Erreur 2


